This is pdfTeX, Version 3.14159265-2.6-1.40.16 (TeX Live 2015) (preloaded format=pdflatex 2015.8.14)  22 JAN 2016 13:42
entering extended mode
 restricted \write18 enabled.
 %&-line parsing enabled.
**"2015-03-08 (U) imfroseth Masterthesis.tex"
(./2015-03-08 (U) imfroseth Masterthesis.tex
LaTeX2e <2015/01/01>
Babel <3.9l> and hyphenation patterns for 21 languages loaded.
(/Users/Zelus/Library/texmf/tex/ifimaster/ifimaster.cls
Document Class: ifimaster 2013/11/25 v1.01 Ifi/UiO document class
(/usr/local/texlive/2015basic/texmf-dist/tex/latex/base/report.cls
Document Class: report 2014/09/29 v1.4h Standard LaTeX document class
(/usr/local/texlive/2015basic/texmf-dist/tex/latex/base/size11.clo
File: size11.clo 2014/09/29 v1.4h Standard LaTeX file (size option)
)
\c@part=\count79
\c@chapter=\count80
\c@section=\count81
\c@subsection=\count82
\c@subsubsection=\count83
\c@paragraph=\count84
\c@subparagraph=\count85
\c@figure=\count86
\c@table=\count87
\abovecaptionskip=\skip41
\belowcaptionskip=\skip42
\bibindent=\dimen102
)
(/usr/local/texlive/2015basic/texmf-dist/tex/latex/psnfss/mathpazo.sty
Package: mathpazo 2005/04/12 PSNFSS-v9.2a Palatino w/ Pazo Math (D.Puga, WaS) 
\symupright=\mathgroup4
))
(/usr/local/texlive/2015basic/texmf-dist/tex/latex/base/inputenc.sty
Package: inputenc 2015/03/17 v1.2c Input encoding file
\inpenc@prehook=\toks14
\inpenc@posthook=\toks15

(/usr/local/texlive/2015basic/texmf-dist/tex/latex/base/latin1.def
File: latin1.def 2015/03/17 v1.2c Input encoding file
))
(/usr/local/texlive/2015basic/texmf-dist/tex/latex/base/fontenc.sty
Package: fontenc 2005/09/27 v1.99g Standard LaTeX package

(/usr/local/texlive/2015basic/texmf-dist/tex/latex/base/t1enc.def
File: t1enc.def 2005/09/27 v1.99g Standard LaTeX file
LaTeX Font Info:    Redeclaring font encoding T1 on input line 48.
))
(/usr/local/texlive/2015basic/texmf-dist/tex/latex/url/url.sty
\Urlmuskip=\muskip10
Package: url 2013/09/16  ver 3.4  Verb mode for urls, etc.
)
(/usr/local/texlive/2015basic/texmf-dist/tex/generic/babel/babel.sty
Package: babel 2015/08/03 3.9m The Babel package

(/usr/local/texlive/2015basic/texmf-dist/tex/generic/babel/switch.def
File: switch.def 2015/08/03 3.9m Babel switching mechanism
)
(/usr/local/texlive/2015basic/texmf-dist/tex/generic/babel-english/english.ldf
Language: english 2012/08/20 v3.3p English support from the babel system

(/usr/local/texlive/2015basic/texmf-dist/tex/generic/babel/babel.def
File: babel.def 2015/08/03 3.9m Babel common definitions
\babel@savecnt=\count88
\U@D=\dimen103
)
\l@canadian = a dialect from \language\l@american 
\l@australian = a dialect from \language\l@british 
\l@newzealand = a dialect from \language\l@british 
))
(/usr/local/texlive/2015basic/texmf-dist/tex/latex/base/textcomp.sty
Package: textcomp 2005/09/27 v1.99g Standard LaTeX package
Package textcomp Info: Sub-encoding information:
(textcomp)               5 = only ISO-Adobe without \textcurrency
(textcomp)               4 = 5 + \texteuro
(textcomp)               3 = 4 + \textohm
(textcomp)               2 = 3 + \textestimated + \textcurrency
(textcomp)               1 = TS1 - \textcircled - \t
(textcomp)               0 = TS1 (full)
(textcomp)             Font families with sub-encoding setting implement
(textcomp)             only a restricted character set as indicated.
(textcomp)             Family '?' is the default used for unknown fonts.
(textcomp)             See the documentation for details.
Package textcomp Info: Setting ? sub-encoding to TS1/1 on input line 79.

(/usr/local/texlive/2015basic/texmf-dist/tex/latex/base/ts1enc.def
File: ts1enc.def 2001/06/05 v3.0e (jk/car/fm) Standard LaTeX file
)
LaTeX Info: Redefining \oldstylenums on input line 334.
Package textcomp Info: Setting cmr sub-encoding to TS1/0 on input line 349.
Package textcomp Info: Setting cmss sub-encoding to TS1/0 on input line 350.
Package textcomp Info: Setting cmtt sub-encoding to TS1/0 on input line 351.
Package textcomp Info: Setting cmvtt sub-encoding to TS1/0 on input line 352.
Package textcomp Info: Setting cmbr sub-encoding to TS1/0 on input line 353.
Package textcomp Info: Setting cmtl sub-encoding to TS1/0 on input line 354.
Package textcomp Info: Setting ccr sub-encoding to TS1/0 on input line 355.
Package textcomp Info: Setting ptm sub-encoding to TS1/4 on input line 356.
Package textcomp Info: Setting pcr sub-encoding to TS1/4 on input line 357.
Package textcomp Info: Setting phv sub-encoding to TS1/4 on input line 358.
Package textcomp Info: Setting ppl sub-encoding to TS1/3 on input line 359.
Package textcomp Info: Setting pag sub-encoding to TS1/4 on input line 360.
Package textcomp Info: Setting pbk sub-encoding to TS1/4 on input line 361.
Package textcomp Info: Setting pnc sub-encoding to TS1/4 on input line 362.
Package textcomp Info: Setting pzc sub-encoding to TS1/4 on input line 363.
Package textcomp Info: Setting bch sub-encoding to TS1/4 on input line 364.
Package textcomp Info: Setting put sub-encoding to TS1/5 on input line 365.
Package textcomp Info: Setting uag sub-encoding to TS1/5 on input line 366.
Package textcomp Info: Setting ugq sub-encoding to TS1/5 on input line 367.
Package textcomp Info: Setting ul8 sub-encoding to TS1/4 on input line 368.
Package textcomp Info: Setting ul9 sub-encoding to TS1/4 on input line 369.
Package textcomp Info: Setting augie sub-encoding to TS1/5 on input line 370.
Package textcomp Info: Setting dayrom sub-encoding to TS1/3 on input line 371.
Package textcomp Info: Setting dayroms sub-encoding to TS1/3 on input line 372.

Package textcomp Info: Setting pxr sub-encoding to TS1/0 on input line 373.
Package textcomp Info: Setting pxss sub-encoding to TS1/0 on input line 374.
Package textcomp Info: Setting pxtt sub-encoding to TS1/0 on input line 375.
Package textcomp Info: Setting txr sub-encoding to TS1/0 on input line 376.
Package textcomp Info: Setting txss sub-encoding to TS1/0 on input line 377.
Package textcomp Info: Setting txtt sub-encoding to TS1/0 on input line 378.
Package textcomp Info: Setting lmr sub-encoding to TS1/0 on input line 379.
Package textcomp Info: Setting lmdh sub-encoding to TS1/0 on input line 380.
Package textcomp Info: Setting lmss sub-encoding to TS1/0 on input line 381.
Package textcomp Info: Setting lmssq sub-encoding to TS1/0 on input line 382.
Package textcomp Info: Setting lmvtt sub-encoding to TS1/0 on input line 383.
Package textcomp Info: Setting lmtt sub-encoding to TS1/0 on input line 384.
Package textcomp Info: Setting qhv sub-encoding to TS1/0 on input line 385.
Package textcomp Info: Setting qag sub-encoding to TS1/0 on input line 386.
Package textcomp Info: Setting qbk sub-encoding to TS1/0 on input line 387.
Package textcomp Info: Setting qcr sub-encoding to TS1/0 on input line 388.
Package textcomp Info: Setting qcs sub-encoding to TS1/0 on input line 389.
Package textcomp Info: Setting qpl sub-encoding to TS1/0 on input line 390.
Package textcomp Info: Setting qtm sub-encoding to TS1/0 on input line 391.
Package textcomp Info: Setting qzc sub-encoding to TS1/0 on input line 392.
Package textcomp Info: Setting qhvc sub-encoding to TS1/0 on input line 393.
Package textcomp Info: Setting futs sub-encoding to TS1/4 on input line 394.
Package textcomp Info: Setting futx sub-encoding to TS1/4 on input line 395.
Package textcomp Info: Setting futj sub-encoding to TS1/4 on input line 396.
Package textcomp Info: Setting hlh sub-encoding to TS1/3 on input line 397.
Package textcomp Info: Setting hls sub-encoding to TS1/3 on input line 398.
Package textcomp Info: Setting hlst sub-encoding to TS1/3 on input line 399.
Package textcomp Info: Setting hlct sub-encoding to TS1/5 on input line 400.
Package textcomp Info: Setting hlx sub-encoding to TS1/5 on input line 401.
Package textcomp Info: Setting hlce sub-encoding to TS1/5 on input line 402.
Package textcomp Info: Setting hlcn sub-encoding to TS1/5 on input line 403.
Package textcomp Info: Setting hlcw sub-encoding to TS1/5 on input line 404.
Package textcomp Info: Setting hlcf sub-encoding to TS1/5 on input line 405.
Package textcomp Info: Setting pplx sub-encoding to TS1/3 on input line 406.
Package textcomp Info: Setting pplj sub-encoding to TS1/3 on input line 407.
Package textcomp Info: Setting ptmx sub-encoding to TS1/4 on input line 408.
Package textcomp Info: Setting ptmj sub-encoding to TS1/4 on input line 409.
)
(/usr/local/texlive/2015basic/texmf-dist/tex/latex/csquotes/csquotes.sty
Package: csquotes 2015/07/18 v5.1f context-sensitive quotations (JAW)

(/usr/local/texlive/2015basic/texmf-dist/tex/latex/etoolbox/etoolbox.sty
Package: etoolbox 2015/08/02 v2.2a e-TeX tools for LaTeX (JAW)
\etb@tempcnta=\count89
)
(/usr/local/texlive/2015basic/texmf-dist/tex/latex/graphics/keyval.sty
Package: keyval 2014/10/28 v1.15 key=value parser (DPC)
\KV@toks@=\toks16
)
\csq@reset=\count90
\csq@gtype=\count91
\csq@glevel=\count92
\csq@qlevel=\count93
\csq@maxlvl=\count94
\csq@tshold=\count95
\csq@ltx@everypar=\toks17

(/usr/local/texlive/2015basic/texmf-dist/tex/latex/csquotes/csquotes.def
File: csquotes.def 2015/07/18 v5.1f csquotes generic definitions (JAW)
)
Package csquotes Info: Trying to load configuration file 'csquotes.cfg'...
Package csquotes Info: ... configuration file loaded successfully.

(/usr/local/texlive/2015basic/texmf-dist/tex/latex/csquotes/csquotes.cfg
File: csquotes.cfg 
))
(./ifimasterforside.sty
Package: ifimasterforside 2015/05/28 v1.2d Ifi document class
 (./ifikompendium.tex
(/usr/local/texlive/2015basic/texmf-dist/tex/latex/base/fontenc.sty
Package: fontenc 2005/09/27 v1.99g Standard LaTeX package

(/usr/local/texlive/2015basic/texmf-dist/tex/latex/base/t1enc.def
File: t1enc.def 2005/09/27 v1.99g Standard LaTeX file
LaTeX Font Info:    Redeclaring font encoding T1 on input line 48.
))
(/usr/local/texlive/2015basic/texmf-dist/tex/latex/eso-pic/eso-pic.sty
Package: eso-pic 2015/07/21 v2.0g eso-pic (RN)

(/usr/local/texlive/2015basic/texmf-dist/tex/generic/oberdiek/atbegshi.sty
Package: atbegshi 2011/10/05 v1.16 At begin shipout hook (HO)

(/usr/local/texlive/2015basic/texmf-dist/tex/generic/oberdiek/infwarerr.sty
Package: infwarerr 2010/04/08 v1.3 Providing info/warning/error messages (HO)
)
(/usr/local/texlive/2015basic/texmf-dist/tex/generic/oberdiek/ltxcmds.sty
Package: ltxcmds 2011/11/09 v1.22 LaTeX kernel commands for general use (HO)
)
(/usr/local/texlive/2015basic/texmf-dist/tex/generic/oberdiek/ifpdf.sty
Package: ifpdf 2011/01/30 v2.3 Provides the ifpdf switch (HO)
Package ifpdf Info: pdfTeX in PDF mode is detected.
))
(/usr/local/texlive/2015basic/texmf-dist/tex/latex/xcolor/xcolor.sty
Package: xcolor 2007/01/21 v2.11 LaTeX color extensions (UK)

(/usr/local/texlive/2015basic/texmf-dist/tex/latex/latexconfig/color.cfg
File: color.cfg 2007/01/18 v1.5 color configuration of teTeX/TeXLive
)
Package xcolor Info: Driver file: pdftex.def on input line 225.

(/usr/local/texlive/2015basic/texmf-dist/tex/latex/pdftex-def/pdftex.def
File: pdftex.def 2011/05/27 v0.06d Graphics/color for pdfTeX
\Gread@gobject=\count96
)
Package xcolor Info: Model `cmy' substituted by `cmy0' on input line 1337.
Package xcolor Info: Model `hsb' substituted by `rgb' on input line 1341.
Package xcolor Info: Model `RGB' extended on input line 1353.
Package xcolor Info: Model `HTML' substituted by `rgb' on input line 1355.
Package xcolor Info: Model `Hsb' substituted by `hsb' on input line 1356.
Package xcolor Info: Model `tHsb' substituted by `hsb' on input line 1357.
Package xcolor Info: Model `HSB' substituted by `hsb' on input line 1358.
Package xcolor Info: Model `Gray' substituted by `gray' on input line 1359.
Package xcolor Info: Model `wave' substituted by `hsb' on input line 1360.
))
(/usr/local/texlive/2015basic/texmf-dist/tex/latex/graphics/graphicx.sty
Package: graphicx 2014/10/28 v1.0g Enhanced LaTeX Graphics (DPC,SPQR)

(/usr/local/texlive/2015basic/texmf-dist/tex/latex/graphics/graphics.sty
Package: graphics 2014/10/28 v1.0p Standard LaTeX Graphics (DPC,SPQR)

(/usr/local/texlive/2015basic/texmf-dist/tex/latex/graphics/trig.sty
Package: trig 1999/03/16 v1.09 sin cos tan (DPC)
)
(/usr/local/texlive/2015basic/texmf-dist/tex/latex/latexconfig/graphics.cfg
File: graphics.cfg 2010/04/23 v1.9 graphics configuration of TeX Live
)
Package graphics Info: Driver file: pdftex.def on input line 94.
)
\Gin@req@height=\dimen104
\Gin@req@width=\dimen105
)
(/usr/local/texlive/2015basic/texmf-dist/tex/latex/xifthen/xifthen.sty
Package: xifthen 2009/04/17 v1.3 Extended ifthen features

(/usr/local/texlive/2015basic/texmf-dist/tex/latex/etex-pkg/etex.sty
Package: etex 2015/09/02 v2.4 eTeX basic definition package (PEB,DPC)
\et@xins=\count97
)
(/usr/local/texlive/2015basic/texmf-dist/tex/latex/tools/calc.sty
Package: calc 2014/10/28 v4.3 Infix arithmetic (KKT,FJ)
\calc@Acount=\count98
\calc@Bcount=\count99
\calc@Adimen=\dimen106
\calc@Bdimen=\dimen107
\calc@Askip=\skip43
\calc@Bskip=\skip44
LaTeX Info: Redefining \setlength on input line 80.
LaTeX Info: Redefining \addtolength on input line 81.
\calc@Ccount=\count100
\calc@Cskip=\skip45
)
(/usr/local/texlive/2015basic/texmf-dist/tex/latex/base/ifthen.sty
Package: ifthen 2014/09/29 v1.1c Standard LaTeX ifthen package (DPC)
)
(/usr/local/texlive/2015basic/texmf-dist/tex/latex/ifmtarg/ifmtarg.sty
Package: ifmtarg 2009/09/02 v1.2a check for an empty argument
))
(/usr/local/texlive/2015basic/texmf-dist/tex/latex/cm-super/type1ec.sty
Package: type1ec 2002/09/07 v1.1 Type1 EC font definitions (for CM-Super fonts)


(/usr/local/texlive/2015basic/texmf-dist/tex/latex/base/t1cmr.fd
File: t1cmr.fd 2014/09/29 v2.5h Standard LaTeX font definitions
))
\c@IfiF@cur@year=\count101
\c@IfiF@cur@month=\count102
))
(/usr/local/texlive/2015basic/texmf-dist/tex/latex/tools/varioref.sty
Package: varioref 2015/09/22 v1.5b package for extended references (FMi)
\c@vrcnt=\count103
)
(/usr/local/texlive/2015basic/texmf-dist/tex/latex/biblatex/biblatex.sty
Package: biblatex 2015/04/19 v3.0 programmable bibliographies (PK/JW/AB)

(/usr/local/texlive/2015basic/texmf-dist/tex/latex/biblatex/biblatex2.sty
Package: biblatex2 2015/04/19 v3.0 programmable bibliographies (biber) (PK/JW/A
B)

(/usr/local/texlive/2015basic/texmf-dist/tex/latex/oberdiek/kvoptions.sty
Package: kvoptions 2011/06/30 v3.11 Key value format for package options (HO)

(/usr/local/texlive/2015basic/texmf-dist/tex/generic/oberdiek/kvsetkeys.sty
Package: kvsetkeys 2012/04/25 v1.16 Key value parser (HO)

(/usr/local/texlive/2015basic/texmf-dist/tex/generic/oberdiek/etexcmds.sty
Package: etexcmds 2011/02/16 v1.5 Avoid name clashes with e-TeX commands (HO)

(/usr/local/texlive/2015basic/texmf-dist/tex/generic/oberdiek/ifluatex.sty
Package: ifluatex 2010/03/01 v1.3 Provides the ifluatex switch (HO)
Package ifluatex Info: LuaTeX not detected.
)
Package etexcmds Info: Could not find \expanded.
(etexcmds)             That can mean that you are not using pdfTeX 1.50 or
(etexcmds)             that some package has redefined \expanded.
(etexcmds)             In the latter case, load this package earlier.
)))
(/usr/local/texlive/2015basic/texmf-dist/tex/latex/logreq/logreq.sty
Package: logreq 2010/08/04 v1.0 xml request logger
\lrq@indent=\count104

(/usr/local/texlive/2015basic/texmf-dist/tex/latex/logreq/logreq.def
File: logreq.def 2010/08/04 v1.0 logreq spec v1.0
))
\c@tabx@nest=\count105
\c@listtotal=\count106
\c@listcount=\count107
\c@liststart=\count108
\c@liststop=\count109
\c@citecount=\count110
\c@citetotal=\count111
\c@multicitecount=\count112
\c@multicitetotal=\count113
\c@instcount=\count114
\c@maxnames=\count115
\c@minnames=\count116
\c@maxitems=\count117
\c@minitems=\count118
\c@citecounter=\count119
\c@savedcitecounter=\count120
\c@uniquelist=\count121
\c@uniquename=\count122
\c@refsection=\count123
\c@refsegment=\count124
\c@maxextratitle=\count125
\c@maxextratitleyear=\count126
\c@maxextrayear=\count127
\c@maxextraalpha=\count128
\c@abbrvpenalty=\count129
\c@highnamepenalty=\count130
\c@lownamepenalty=\count131
\c@maxparens=\count132
\c@parenlevel=\count133
\blx@tempcnta=\count134
\blx@tempcntb=\count135
\blx@tempcntc=\count136
\blx@maxsection=\count137
\blx@maxsegment@0=\count138
\blx@notetype=\count139
\blx@parenlevel@text=\count140
\blx@parenlevel@foot=\count141
\blx@sectionciteorder@0=\count142
\labelnumberwidth=\skip46
\labelalphawidth=\skip47
\biblabelsep=\skip48
\bibitemsep=\skip49
\bibnamesep=\skip50
\bibinitsep=\skip51
\bibparsep=\skip52
\bibhang=\skip53
\blx@bcfin=\read1
\blx@bcfout=\write3
\c@mincomprange=\count143
\c@maxcomprange=\count144
\c@mincompwidth=\count145
Package biblatex Info: Trying to load biblatex default data model...
Package biblatex Info: ... file 'blx-dm.def' found.

(/usr/local/texlive/2015basic/texmf-dist/tex/latex/biblatex/blx-dm.def)
Package biblatex Info: Trying to load biblatex style data model...
Package biblatex Info: ... file 'numeric-comp.dbx' not found.
Package biblatex Info: Trying to load biblatex custom data model...
Package biblatex Info: ... file 'biblatex-dm.cfg' not found.
\c@afterword=\count146
\c@savedafterword=\count147
\c@annotator=\count148
\c@savedannotator=\count149
\c@author=\count150
\c@savedauthor=\count151
\c@bookauthor=\count152
\c@savedbookauthor=\count153
\c@commentator=\count154
\c@savedcommentator=\count155
\c@editor=\count156
\c@savededitor=\count157
\c@editora=\count158
\c@savededitora=\count159
\c@editorb=\count160
\c@savededitorb=\count161
\c@editorc=\count162
\c@savededitorc=\count163
\c@foreword=\count164
\c@savedforeword=\count165
\c@holder=\count166
\c@savedholder=\count167
\c@introduction=\count168
\c@savedintroduction=\count169
\c@namea=\count170
\c@savednamea=\count171
\c@nameb=\count172
\c@savednameb=\count173
\c@namec=\count174
\c@savednamec=\count175
\c@translator=\count176
\c@savedtranslator=\count177
\c@shortauthor=\count178
\c@savedshortauthor=\count179
\c@shorteditor=\count180
\c@savedshorteditor=\count181
\c@labelname=\count182
\c@savedlabelname=\count183
\c@institution=\count184
\c@savedinstitution=\count185
\c@lista=\count186
\c@savedlista=\count187
\c@listb=\count188
\c@savedlistb=\count189
\c@listc=\count190
\c@savedlistc=\count191
\c@listd=\count192
\c@savedlistd=\count193
\c@liste=\count194
\c@savedliste=\count195
\c@listf=\count196
\c@savedlistf=\count197
\c@location=\count198
\c@savedlocation=\count199
\c@organization=\count200
\c@savedorganization=\count201
\c@origlocation=\count202
\c@savedoriglocation=\count203
\c@origpublisher=\count204
\c@savedorigpublisher=\count205
\c@publisher=\count206
\c@savedpublisher=\count207
\c@language=\count208
\c@savedlanguage=\count209
\c@pageref=\count210
\c@savedpageref=\count211
\shorthandwidth=\skip54
\shortjournalwidth=\skip55
\shortserieswidth=\skip56
\shorttitlewidth=\skip57
\shortauthorwidth=\skip58
\shorteditorwidth=\skip59
Package biblatex Info: Trying to load compatibility code...
Package biblatex Info: ... file 'blx-compat.def' found.

(/usr/local/texlive/2015basic/texmf-dist/tex/latex/biblatex/blx-compat.def
File: blx-compat.def 2015/04/19 v3.0 biblatex compatibility (PK/JW/AB)
)
Package biblatex Info: Trying to load generic definitions...
Package biblatex Info: ... file 'biblatex.def' found.

(/usr/local/texlive/2015basic/texmf-dist/tex/latex/biblatex/biblatex.def
File: biblatex.def 
\c@textcitecount=\count212
\c@textcitetotal=\count213
\c@textcitemaxnames=\count214
\c@biburlnumpenalty=\count215
\c@biburlucpenalty=\count216
\c@biburllcpenalty=\count217
\c@smartand=\count218
)
Package biblatex Info: Trying to load bibliography style 'numeric-comp'...
Package biblatex Info: ... file 'numeric-comp.bbx' found.

(/usr/local/texlive/2015basic/texmf-dist/tex/latex/biblatex/bbx/numeric-comp.bb
x
File: numeric-comp.bbx 2015/04/19 v3.0 biblatex bibliography style (PK/JW/AB)
Package biblatex Info: Trying to load bibliography style 'numeric'...
Package biblatex Info: ... file 'numeric.bbx' found.
 (/usr/local/texlive/2015basic/texmf-dist/tex/latex/biblatex/bbx/numeric.bbx
File: numeric.bbx 2015/04/19 v3.0 biblatex bibliography style (PK/JW/AB)
Package biblatex Info: Trying to load bibliography style 'standard'...
Package biblatex Info: ... file 'standard.bbx' found.

(/usr/local/texlive/2015basic/texmf-dist/tex/latex/biblatex/bbx/standard.bbx
File: standard.bbx 2015/04/19 v3.0 biblatex bibliography style (PK/JW/AB)
\c@bbx:relatedcount=\count219
\c@bbx:relatedtotal=\count220
)))
Package biblatex Info: Trying to load citation style 'numeric-comp'...
Package biblatex Info: ... file 'numeric-comp.cbx' found.

(/usr/local/texlive/2015basic/texmf-dist/tex/latex/biblatex/cbx/numeric-comp.cb
x
File: numeric-comp.cbx 2015/04/19 v3.0 biblatex citation style (PK/JW/AB)
\c@cbx@tempcnta=\count221
\c@cbx@tempcntb=\count222
Package biblatex Info: Redefining '\cite'.
Package biblatex Info: Redefining '\parencite'.
Package biblatex Info: Redefining '\footcite'.
Package biblatex Info: Redefining '\footcitetext'.
Package biblatex Info: Redefining '\smartcite'.
Package biblatex Info: Redefining '\supercite'.
Package biblatex Info: Redefining '\textcite'.
Package biblatex Info: Redefining '\textcites'.
Package biblatex Info: Redefining '\cites'.
Package biblatex Info: Redefining '\parencites'.
Package biblatex Info: Redefining '\smartcites'.
)
Package biblatex Info: Trying to load configuration file...
Package biblatex Info: ... file 'biblatex.cfg' found.
 (/usr/local/texlive/2015basic/texmf-dist/tex/latex/biblatex/biblatex.cfg
File: biblatex.cfg 
)))
Package csquotes Info: Checking for multilingual support...
Package csquotes Info: ... found 'babel' package.
Package csquotes Info: Adjusting default style.
Package csquotes Info: Redefining alias 'default' -> 'UKenglish'.
Package biblatex Info: Trying to load language 'UKenglish'...
Package biblatex Info: ... file 'UKenglish.lbx' found.

(/usr/local/texlive/2015basic/texmf-dist/tex/latex/biblatex/lbx/UKenglish.lbx
File: UKenglish.lbx 2015/04/19 v3.0 biblatex localization (PK/JW/AB)
Package biblatex Info: Trying to load language 'british'...
Package biblatex Info: ... file 'british.lbx' found.

(/usr/local/texlive/2015basic/texmf-dist/tex/latex/biblatex/lbx/british.lbx
File: british.lbx 2015/04/19 v3.0 biblatex localization (PK/JW/AB)
Package biblatex Info: Trying to load language 'english'...
Package biblatex Info: ... file 'english.lbx' found.

(/usr/local/texlive/2015basic/texmf-dist/tex/latex/biblatex/lbx/english.lbx
File: english.lbx 2015/04/19 v3.0 biblatex localization (PK/JW/AB)
)))
(./2015-03-08 (U) imfroseth Masterthesis.aux)
\openout1 = `"2015-03-08 (U) imfroseth Masterthesis.aux"'.

LaTeX Font Info:    Checking defaults for OML/cmm/m/it on input line 14.
LaTeX Font Info:    ... okay on input line 14.
LaTeX Font Info:    Checking defaults for T1/cmr/m/n on input line 14.
LaTeX Font Info:    ... okay on input line 14.
LaTeX Font Info:    Checking defaults for OT1/cmr/m/n on input line 14.
LaTeX Font Info:    ... okay on input line 14.
LaTeX Font Info:    Checking defaults for OMS/cmsy/m/n on input line 14.
LaTeX Font Info:    ... okay on input line 14.
LaTeX Font Info:    Checking defaults for OMX/cmex/m/n on input line 14.
LaTeX Font Info:    ... okay on input line 14.
LaTeX Font Info:    Checking defaults for U/cmr/m/n on input line 14.
LaTeX Font Info:    ... okay on input line 14.
LaTeX Font Info:    Checking defaults for TS1/cmr/m/n on input line 14.
LaTeX Font Info:    Try loading font information for TS1+cmr on input line 14.

(/usr/local/texlive/2015basic/texmf-dist/tex/latex/base/ts1cmr.fd
File: ts1cmr.fd 2014/09/29 v2.5h Standard LaTeX font definitions
)
LaTeX Font Info:    ... okay on input line 14.
LaTeX Font Info:    Try loading font information for T1+ppl on input line 14.

(/usr/local/texlive/2015basic/texmf-dist/tex/latex/psnfss/t1ppl.fd
File: t1ppl.fd 2001/06/04 font definitions for T1/ppl.
)
\big@size=\dimen108
\AtBeginShipoutBox=\box26

(/usr/local/texlive/2015basic/texmf-dist/tex/context/base/supp-pdf.mkii
[Loading MPS to PDF converter (version 2006.09.02).]
\scratchcounter=\count223
\scratchdimen=\dimen109
\scratchbox=\box27
\nofMPsegments=\count224
\nofMParguments=\count225
\everyMPshowfont=\toks18
\MPscratchCnt=\count226
\MPscratchDim=\dimen110
\MPnumerator=\count227
\makeMPintoPDFobject=\count228
\everyMPtoPDFconversion=\toks19
) (/usr/local/texlive/2015basic/texmf-dist/tex/generic/oberdiek/pdftexcmds.sty
Package: pdftexcmds 2011/11/29 v0.20 Utility functions of pdfTeX for LuaTeX (HO
)
Package pdftexcmds Info: LuaTeX not detected.
Package pdftexcmds Info: \pdf@primitive is available.
Package pdftexcmds Info: \pdf@ifprimitive is available.
Package pdftexcmds Info: \pdfdraftmode found.
) (/usr/local/texlive/2015basic/texmf-dist/tex/latex/oberdiek/epstopdf-base.sty
Package: epstopdf-base 2010/02/09 v2.5 Base part for package epstopdf

(/usr/local/texlive/2015basic/texmf-dist/tex/latex/oberdiek/grfext.sty
Package: grfext 2010/08/19 v1.1 Manage graphics extensions (HO)

(/usr/local/texlive/2015basic/texmf-dist/tex/generic/oberdiek/kvdefinekeys.sty
Package: kvdefinekeys 2011/04/07 v1.3 Define keys (HO)
))
Package grfext Info: Graphics extension search list:
(grfext)             [.png,.pdf,.jpg,.mps,.jpeg,.jbig2,.jb2,.PNG,.PDF,.JPG,.JPE
G,.JBIG2,.JB2,.eps]
(grfext)             \AppendGraphicsExtensions on input line 452.

(/usr/local/texlive/2015basic/texmf-dist/tex/latex/latexconfig/epstopdf-sys.cfg
File: epstopdf-sys.cfg 2010/07/13 v1.3 Configuration of (r)epstopdf for TeX Liv
e
))
Package biblatex Info: Input encoding 'latin1' detected.
Package biblatex Info: Automatic encoding selection.
(biblatex)             Assuming data encoding 'latin1'.
\openout3 = `"2015-03-08 (U) imfroseth Masterthesis.bcf"'.

Package biblatex Info: Trying to load bibliographic data...
Package biblatex Info: ... file '"2015-03-08 (U) imfroseth Masterthesis".bbl' f
ound.
 (./2015-03-08 (U) imfroseth Masterthesis.bbl)
Package biblatex Info: Reference section=0 on input line 14.
Package biblatex Info: Reference segment=0 on input line 14.

<ifi-kompendium-forside-eng.pdf, id=1, 639.66579pt x 887.2046pt>
File: ifi-kompendium-forside-eng.pdf Graphic file (type pdf)

<use ifi-kompendium-forside-eng.pdf>
Package pdftex.def Info: ifi-kompendium-forside-eng.pdf used on input line 15.
(pdftex.def)             Requested size: 639.66422pt x 887.20244pt.
LaTeX Font Info:    Try loading font information for T1+phv on input line 15.

(/usr/local/texlive/2015basic/texmf-dist/tex/latex/psnfss/t1phv.fd
File: t1phv.fd 2001/06/04 scalable font definitions for T1/phv.
) [1

{/usr/local/texlive/2015basic/texmf-var/fonts/map/pdftex/updmap/pdftex.map} <./
ifi-kompendium-forside-eng.pdf>] [2]
LaTeX Font Info:    Try loading font information for OT1+ppl on input line 17.

(/usr/local/texlive/2015basic/texmf-dist/tex/latex/psnfss/ot1ppl.fd
File: ot1ppl.fd 2001/06/04 font definitions for OT1/ppl.
)
LaTeX Font Info:    Try loading font information for OML+zplm on input line 17.


(/usr/local/texlive/2015basic/texmf-dist/tex/latex/psnfss/omlzplm.fd
File: omlzplm.fd 2002/09/08 Fontinst v1.914 font definitions for OML/zplm.
)
LaTeX Font Info:    Try loading font information for OMS+zplm on input line 17.


(/usr/local/texlive/2015basic/texmf-dist/tex/latex/psnfss/omszplm.fd
File: omszplm.fd 2002/09/08 Fontinst v1.914 font definitions for OMS/zplm.
)
LaTeX Font Info:    Try loading font information for OMX+zplm on input line 17.


(/usr/local/texlive/2015basic/texmf-dist/tex/latex/psnfss/omxzplm.fd
File: omxzplm.fd 2002/09/08 Fontinst v1.914 font definitions for OMX/zplm.
)
LaTeX Font Info:    Try loading font information for OT1+zplm on input line 17.


(/usr/local/texlive/2015basic/texmf-dist/tex/latex/psnfss/ot1zplm.fd
File: ot1zplm.fd 2002/09/08 Fontinst v1.914 font definitions for OT1/zplm.
) [1

]
[2

]
LaTeX Font Info:    Font shape `T1/ppl/bx/n' in size <24.88> not available
(Font)              Font shape `T1/ppl/b/n' tried instead on input line 19.
 [3] [4

] (./2015-03-08 (U) imfroseth Masterthesis.toc
LaTeX Font Info:    Font shape `T1/ppl/bx/n' in size <10.95> not available
(Font)              Font shape `T1/ppl/b/n' tried instead on input line 5.
LaTeX Font Info:    Font shape `T1/ppl/bx/n' in size <12> not available
(Font)              Font shape `T1/ppl/b/n' tried instead on input line 7.
)
\tf@toc=\write4
\openout4 = `"2015-03-08 (U) imfroseth Masterthesis.toc"'.

 [5] [6

]
(./2015-03-08 (U) imfroseth Masterthesis.lof)
\tf@lof=\write5
\openout5 = `"2015-03-08 (U) imfroseth Masterthesis.lof"'.

 [7] [8

]
(./2015-03-08 (U) imfroseth Masterthesis.lot)
\tf@lot=\write6
\openout6 = `"2015-03-08 (U) imfroseth Masterthesis.lot"'.

 [9] [10

]
Chapter 1.
LaTeX Font Info:    Font shape `T1/ppl/bx/n' in size <20.74> not available
(Font)              Font shape `T1/ppl/b/n' tried instead on input line 59.
[11] [12

] [1

] [2]
Chapter 2.
(./SdnTheory.tex
LaTeX Font Info:    Font shape `T1/ppl/bx/n' in size <14.4> not available
(Font)              Font shape `T1/ppl/b/n' tried instead on input line 1.
) [3

] [4

] [5] [6]
Chapter 3.
[7

] [8

] [9] [10]
Chapter 4.
[11

] [12

]
LaTeX Font Info:    Try loading font information for T1+cmss on input line 104.

 (/usr/local/texlive/2015basic/texmf-dist/tex/latex/base/t1cmss.fd
File: t1cmss.fd 2014/09/29 v2.5h Standard LaTeX font definitions
)

Package biblatex Warning: No driver for entry type 'video'.
(biblatex)                Using fallback driver on input line 104.


! Package inputenc Error: Keyboard character used is undefined
(inputenc)                in inputencoding `latin1'.

See the inputenc package documentation for explanation.
Type  H <return>  for immediate help.
 ...                                              
                                                  
l.105 \end
          {document}
? 

! Package inputenc Error: Keyboard character used is undefined
(inputenc)                in inputencoding `latin1'.

See the inputenc package documentation for explanation.
Type  H <return>  for immediate help.
 ...                                              
                                                  
l.105 \end
          {document}
? 

Overfull \hbox (3.04123pt too wide) in paragraph at lines 105--105
[]\T1/ppl/m/n/10.95 P.H. Srebrny et al. `  No More D #x00E9;j #x00E0; Vu #x2014
;Eliminating
 []

[13

] [14] (./2015-03-08 (U) imfroseth Masterthesis.aux)
Package logreq Info: Writing requests to '"2015-03-08 (U) imfroseth Masterthesi
s".run.xml'.
\openout1 = `"2015-03-08 (U) imfroseth Masterthesis.run.xml"'.

 ) 
Here is how much of TeX's memory you used:
 9889 strings out of 494501
 169227 string characters out of 6167030
 583993 words of memory out of 5000000
 12963 multiletter control sequences out of 15000+600000
 41261 words of font info for 74 fonts, out of 8000000 for 9000
 319 hyphenation exceptions out of 8191
 44i,11n,48p,3062b,1473s stack positions out of 5000i,500n,10000p,200000b,80000s
{/usr/local/texlive/2015basic/texmf-dist/fonts/enc/dvips/cm-super/cm-super-t1
.enc}{/usr/local/texlive/2015basic/texmf-dist/fonts/enc/dvips/base/8r.enc}</usr
/local/texlive/2015basic/texmf-dist/fonts/type1/public/cm-super/sfss1095.pfb></
usr/local/texlive/2015basic/texmf-dist/fonts/type1/urw/helvetic/uhvr8a.pfb></us
r/local/texlive/2015basic/texmf-dist/fonts/type1/urw/palatino/uplb8a.pfb></usr/
local/texlive/2015basic/texmf-dist/fonts/type1/urw/palatino/uplr8a.pfb></usr/lo
cal/texlive/2015basic/texmf-dist/fonts/type1/urw/palatino/uplri8a.pfb>
Output written on "2015-03-08 (U) imfroseth Masterthesis.pdf" (28 pages, 506749
9 bytes).
PDF statistics:
 150 PDF objects out of 1000 (max. 8388607)
 93 compressed objects within 1 object stream
 0 named destinations out of 1000 (max. 500000)
 6 words of extra memory for PDF output out of 10000 (max. 10000000)

