mktextfm pplr8t
mktextfm phvr8t
mktextfm phvr8t
mktextfm pplr8t
mktextfm pplr8t
mktextfm pplr7t
mktextfm pplr7t
mktextfm pplr7t
mktextfm zplmr7m
mktextfm zplmr7m
mktexpk --mfmode / --bdpi 600 --mag 1+0/600 --dpi 600 ecrm1095
mktextfm pplr8t
mktextfm phvr8t
mktextfm phvr8t
mktextfm pplr8t
mktextfm pplr8t
mktextfm pplr7t
mktextfm pplr7t
mktextfm pplr7t
mktextfm zplmr7m
mktextfm zplmr7m
mktextfm zplmr7m
mktextfm pplr8t
mktextfm pplr8t
mktextfm pplr8t
mktextfm pplr8t
mktextfm pplr8t
mktextfm pplr8t
mktextfm phvr8t
mktextfm pplr8t
mktextfm phvr8t
mktextfm phvr8t
mktextfm pplr8t
mktextfm pplr8t
mktextfm pplr7t
mktextfm pplr7t
mktextfm pplr7t
mktextfm zplmr7m
mktextfm zplmr7m
mktextfm zplmr7m
mktextfm zplmr7y
mktextfm zplmr7y
mktextfm zplmr7y
mktextfm zplmr7v
mktextfm zplmr7v
mktextfm zplmr7v
mktextfm zplmr7t
mktextfm zplmr7t
mktextfm zplmr7t
mktextfm pplr8t
mktextfm phvr8t
mktextfm phvr8t
mktextfm pplr8t
mktextfm pplr8t
mktextfm pplr7t
mktextfm pplr7t
mktextfm pplr7t
mktextfm zplmr7m
mktextfm zplmr7m
mktextfm zplmr7m
mktextfm zplmr7y
mktextfm zplmr7y
mktextfm zplmr7y
mktextfm zplmr7v
mktextfm zplmr7v
mktextfm zplmr7v
mktextfm zplmr7t
mktextfm zplmr7t
mktextfm zplmr7t
mktextfm pplr8t
mktextfm pplb8t
mktextfm nullfont
mktextfm pplb8t
mktextfm nullfont
mktextfm pplb8t
mktextfm nullfont
mktextfm pplr7t
mktextfm pplr7t
mktextfm pplr7t
mktextfm zplmr7m
mktextfm zplmr7m
mktextfm zplmr7m
mktextfm zplmr7y
mktextfm zplmr7y
mktextfm zplmr7y
mktextfm zplmr7v
mktextfm zplmr7v
mktextfm zplmr7v
mktextfm zplmr7t
mktextfm zplmr7t
mktextfm zplmr7t
mktextfm pplr8t
mktextfm pplb8t
mktextfm nullfont
mktextfm pplr8t
mktextfm pplb8t
mktextfm nullfont
mktextfm pplr8t
